------------------------------------------------------------------------
Job Started on Wed 18 Feb 2026 14:48:40 AEDT
System: Linux med-n04.hpc.wehi.edu.au 5.14.0-362.24.1.el9_3.x86_64 #1 SMP PREEMPT_DYNAMIC Thu Feb 15 07:18:13 EST 2024 x86_64 x86_64 x86_64 GNU/Linux
CPU: Model name:                         Intel(R) Xeon(R) CPU E5-2690 v4 @ 2.60GHz
Total Memory: 503Gi
Node: med-n04
Job ID: 25710866
------------------------------------------------------------------------
Loading R/4.5.1
  Loading requirement: libpng/1.6.43 libjpeg-turbo/3.0.2 libtiff/4.6.0
    ninja/1.11.1 bzip2/1.0.8 hdf5/1.12.3 pcre2/10.42 openjdk/21.0.2 cairo/1.19.0
Loading gdal/3.9.0
  Loading requirement: proj/9.4.0 netcdf/4.9.2 mariadb-connector-c/3.3.10
1/71                                     
2/71 [global options]                    
3/71                                     
4/71 [unnamed-chunk-1]                   
5/71                                     
6/71 [load raw data]                     
7/71                                     
8/71 [load processed data and transcript]
9/71                                     
10/71 [sc_output]                         
11/71                                     
12/71 [sc_summary]                        
13/71                                     
14/71 [ave-expression]                    
15/71                                     
16/71 [negprobes]                         
17/71                                     
18/71 [blankgenes-vis-xy]                 
19/71                                     
20/71 [bkm]                               
21/71                                     
22/71 [load processed data]               
23/71                                     
24/71 [cluster-xy-whole]                  
25/71                                     
26/71 [cluster-xy]                        
27/71                                     
28/71 [ct-prop]                           
29/71                                     
30/71 [mg-glm]                            
31/71                                     
32/71 [unnamed-chunk-2]                   
33/71                                     
34/71 [cc-corr]                           
35/71                                     
36/71 [top10_glm]                         
37/71                                     
38/71 [top3-gene-vis-xy-glm]              
39/71                                     
40/71 [vvplot-glm]                        
41/71                                     
42/71 [output_markergenes_glm]            
43/71                                     
44/71 [mg-perm]                           
45/71                                     
46/71 [unnamed-chunk-3]                   
47/71                                     
48/71 [top10_corr]                        
49/71                                     
50/71 [top3-gene-vis-xy-corr]             
51/71                                     
52/71 [vvplot-corr]                       
53/71                                     
54/71 [output_markergenes]                
55/71                                     
56/71 [limma]                             
57/71                                     
58/71 [looad_limma_res]                   
59/71                                     
60/71 [FM]                                
61/71                                     
62/71 [load_FM_res]                       
63/71                                     
64/71 [cmr]                               
65/71                                     
66/71 [upset-mg-comparison]               
67/71                                     
68/71 [unnamed-chunk-4]                   
69/71                                     
70/71 [unnamed-chunk-5]                   
71/71                                     
/stornext/System/data/software/rhel/9/base/tools/pandoc/3.2/bin/pandoc +RTS -K512m -RTS merscope-human-breast-cancer.knit.md --to html4 --from markdown+autolink_bare_uris+tex_math_single_backslash --output /vast/projects/xenium_5k/jazzPanda_workflowr/docs/merscope-human-breast-cancer.html --lua-filter /stornext/Home/data/allstaff/j/jin.m/R/x86_64-pc-linux-gnu-library/4.5/rmarkdown/rmarkdown/lua/pagebreak.lua --lua-filter /stornext/Home/data/allstaff/j/jin.m/R/x86_64-pc-linux-gnu-library/4.5/rmarkdown/rmarkdown/lua/latex-div.lua --variable bs3=TRUE --standalone --section-divs --table-of-contents --toc-depth 3 --variable toc_float=1 --variable toc_selectors=h1,h2,h3 --variable toc_collapsed=1 --variable toc_smooth_scroll=1 --variable toc_print=1 --template /stornext/Home/data/allstaff/j/jin.m/R/x86_64-pc-linux-gnu-library/4.5/rmarkdown/rmd/h/default.html --no-highlight --variable highlightjs=1 --include-before-body /vast/scratch/users/jin.m/RtmpIxWqAX/rmarkdown-str114a0f2d24c6e1.html --variable navbar=1 --variable theme=cosmo --mathjax --variable 'mathjax-url=https://mathjax.rstudio.com/latest/MathJax.js?config=TeX-AMS-MML_HTMLorMML' --include-in-header /vast/scratch/users/jin.m/RtmpIxWqAX/rmarkdown-str114a0f3cd2a7d3.html 
------------------------------------------------------------------------
Job Completed on Wed 18 Feb 2026 15:19:40 AEDT
------------------------------------------------------------------------
