------------------------------------------------------------------------
Job Started on Wed 18 Feb 2026 02:50:40 AEDT
System: Linux lrg-n03.hpc.wehi.edu.au 5.14.0-362.24.1.el9_3.x86_64 #1 SMP PREEMPT_DYNAMIC Thu Feb 15 07:18:13 EST 2024 x86_64 x86_64 x86_64 GNU/Linux
CPU: Model name:                         Intel(R) Xeon(R) Gold 6130 CPU @ 2.10GHz
Total Memory: 1.5Ti
Node: lrg-n03
Job ID: 25668145
------------------------------------------------------------------------
Loading R/4.5.1
  Loading requirement: libpng/1.6.43 libjpeg-turbo/3.0.2 libtiff/4.6.0
    ninja/1.11.1 bzip2/1.0.8 hdf5/1.12.3 pcre2/10.42 openjdk/21.0.2 cairo/1.19.0
Loading gdal/3.9.0
  Loading requirement: proj/9.4.0 netcdf/4.9.2 mariadb-connector-c/3.3.10
Summary from wflow_publish

**Step 1: Commit analysis files**

No files to commit


**Step 2: Build HTML files**

Summary from wflow_build

Settings:
 combine: "or" clean_fig_files: TRUE delete_cache: TRUE

The following were built externally each in their own fresh R session: 

../docs/cosmx-human-healthy-liver.html

Log files saved in /vast/scratch/users/jin.m/RtmpXc69CR/workflowr

**Step 3: Commit HTML files**

Summary from wflow_git_commit

The following was run: 

  $ git add ../docs/cosmx-human-healthy-liver.html ../docs/figure/cosmx-human-healthy-liver.Rmd ../docs/site_libs ../docs/.nojekyll 
  $ git commit -m "Build site." 

The following file(s) were included in commit 38f0730:
../docs/cosmx-human-healthy-liver.html
../docs/figure/cosmx-human-healthy-liver.Rmd/ave-expression-1.png
../docs/figure/cosmx-human-healthy-liver.Rmd/cc-corr-1.png
../docs/figure/cosmx-human-healthy-liver.Rmd/cluster-xy-1.png
../docs/figure/cosmx-human-healthy-liver.Rmd/cluster-xy-whole-1.png
../docs/figure/cosmx-human-healthy-liver.Rmd/ct-prop-1.png
../docs/figure/cosmx-human-healthy-liver.Rmd/falsecode-1.png
../docs/figure/cosmx-human-healthy-liver.Rmd/falsecode-xy-1.png
../docs/figure/cosmx-human-healthy-liver.Rmd/negprobes-1.png
../docs/figure/cosmx-human-healthy-liver.Rmd/negprobes_coords-vishex-1.png
../docs/figure/cosmx-human-healthy-liver.Rmd/top10_glm-1.png
------------------------------------------------------------------------
Job Completed on Wed 18 Feb 2026 03:58:16 AEDT
------------------------------------------------------------------------
