------------------------------------------------------------------------
Job Started on Tue 17 Feb 2026 18:00:15 AEDT
System: Linux med-n13.hpc.wehi.edu.au 5.14.0-362.24.1.el9_3.x86_64 #1 SMP PREEMPT_DYNAMIC Thu Feb 15 07:18:13 EST 2024 x86_64 x86_64 x86_64 GNU/Linux
CPU: Model name:                         Intel(R) Xeon(R) CPU E5-2690 v4 @ 2.60GHz
Total Memory: 503Gi
Node: med-n13
Job ID: 25631885
------------------------------------------------------------------------
Loading R/4.5.1
  Loading requirement: libpng/1.6.43 libjpeg-turbo/3.0.2 libtiff/4.6.0
    ninja/1.11.1 bzip2/1.0.8 hdf5/1.12.3 pcre2/10.42 openjdk/21.0.2 cairo/1.19.0
Loading gdal/3.9.0
  Loading requirement: proj/9.4.0 netcdf/4.9.2 mariadb-connector-c/3.3.10
Summary from wflow_build

Settings:
 combine: "or" clean_fig_files: TRUE delete_cache: TRUE

The following were built externally each in their own fresh R session: 

../docs/cosmx-human-healthy-liver.html

Log files saved in /vast/scratch/users/jin.m/RtmpYMaVeL/workflowr
------------------------------------------------------------------------
Job Completed on Tue 17 Feb 2026 18:34:45 AEDT
------------------------------------------------------------------------
