------------------------------------------------------------------------
Job Started on Wed Jan 21 08:20:43 PM AEDT 2026
System: Linux il-n20.hpc.wehi.edu.au 5.14.0-362.24.1.el9_3.x86_64 #1 SMP PREEMPT_DYNAMIC Thu Feb 15 07:18:13 EST 2024 x86_64 x86_64 x86_64 GNU/Linux
CPU: Model name:                         Intel(R) Xeon(R) Gold 6342 CPU @ 2.80GHz
Total Memory: 503Gi
Node: il-n20
Job ID: 24996554
------------------------------------------------------------------------
Loading [1mR/4.5.1[22m
  [94mLoading requirement[0m: libpng/1.6.43 libjpeg-turbo/3.0.2 libtiff/4.6.0
    ninja/1.11.1 bzip2/1.0.8 pcre2/10.42 openjdk/21.0.2 cairo/1.19.0
Summary from wflow_build

Settings:
 combine: "or" clean_fig_files: TRUE delete_cache: TRUE

The following were built externally each in their own fresh R session: 

../docs/xenium-human-lung-cancer-analysis.html

Log files saved in /vast/scratch/users/jin.m/RtmpmUGCK7/workflowr
------------------------------------------------------------------------
Job Completed on Wed Jan 21 08:30:15 PM AEDT 2026
------------------------------------------------------------------------
